<?xml version="1.0" encoding="UTF-8"?>
<!-- Generated by org.testng.reporters.JUnitReportReporter -->
<testsuite hostname="LAPTOP-J3FRUKGM" failures="0" tests="4" name="com.TestCases.ProductsNServicePageTest" time="44.326" errors="0" timestamp="2019-04-04T21:01:09 CDT" skipped="0">
  <testcase classname="com.TestCases.ProductsNServicePageTest" name="verifyAddService" time="10.695"/>
  <testcase classname="com.TestCases.ProductsNServicePageTest" name="verifyAddService" time="11.386"/>
  <testcase classname="com.TestCases.ProductsNServicePageTest" name="verifyAddService" time="10.723"/>
  <testcase classname="com.TestCases.ProductsNServicePageTest" name="verifyAddService" time="11.522"/>
</testsuite> <!-- com.TestCases.ProductsNServicePageTest -->
