<?xml version="1.0" encoding="UTF-8"?>
<!-- Generated by org.testng.reporters.JUnitReportReporter -->
<testsuite hostname="LAPTOP-J3FRUKGM" failures="0" tests="3" name="com.TestCases.LoginPageTest" time="16.604" errors="0" timestamp="2019-04-01T00:00:47 CDT" skipped="0">
  <testcase classname="com.TestCases.LoginPageTest" name="verifyLoginSuccessful" time="6.708"/>
  <testcase classname="com.TestCases.LoginPageTest" name="verifyLogoOfThePage" time="4.880"/>
  <testcase classname="com.TestCases.LoginPageTest" name="verifyTitleOfThePage" time="5.016"/>
</testsuite> <!-- com.TestCases.LoginPageTest -->
